<?xml version="1.0" encoding="UTF-8"?>
<!-- Generated by org.testng.reporters.JUnitReportReporter -->
<testsuite skipped="0" hostname="ravis-MacBook-Pro.local" name="Basic.Basic.printing" tests="1" failures="0" timestamp="20 Jun 2018 10:24:50 GMT" time="0.021" errors="0">
  <testcase name="test" time="0.021" classname="Basic.Basic.printing"/>
</testsuite> <!-- Basic.Basic.printing -->
